<?xml version="1.0" encoding="UTF-8"?>
<!-- Generated by org.testng.reporters.JUnitReportReporter -->
<testsuite hostname="DESKTOP-RHS6P4R" failures="0" tests="2" name="TestNGTestcases.groupsExample" time="0.009" errors="0" timestamp="2024-04-19T19:39:16 IST" skipped="0">
  <testcase classname="TestNGTestcases.groupsExample" name="apple2" time="0.001"/>
  <testcase classname="TestNGTestcases.groupsExample" name="apple1" time="0.008"/>
</testsuite> <!-- TestNGTestcases.groupsExample -->
