<?xml version="1.0" encoding="UTF-8"?>
<!-- Generated by org.testng.reporters.JUnitReportReporter -->
<testsuite hostname="DESKTOP-RHS6P4R" failures="0" tests="1" name="TestNGTestcases.CheckboxExample" time="4.000" errors="0" timestamp="2024-04-18T18:38:38 IST" skipped="0">
  <testcase classname="TestNGTestcases.CheckboxExample" name="checkBox" time="4.000"/>
</testsuite> <!-- TestNGTestcases.CheckboxExample -->
