<?xml version="1.0" encoding="UTF-8"?>
<!-- Generated by org.testng.reporters.JUnitReportReporter -->
<testsuite hostname="DESKTOP-RHS6P4R" failures="0" tests="1" name="TestNGTestcases.KeyBoardsActionsExample" time="8.969" errors="0" timestamp="2024-04-18T18:42:52 IST" skipped="0">
  <testcase classname="TestNGTestcases.KeyBoardsActionsExample" name="keyBoard" time="8.969"/>
</testsuite> <!-- TestNGTestcases.KeyBoardsActionsExample -->
