<?xml version="1.0" encoding="UTF-8"?>
<!-- Generated by org.testng.reporters.JUnitReportReporter -->
<testsuite hostname="DESKTOP-RHS6P4R" failures="0" tests="4" name="TestNGTestcases.groupexample2" time="0.013" errors="0" timestamp="2024-05-04T13:57:14 IST" skipped="0">
  <testcase classname="TestNGTestcases.groupexample2" name="testMethod2" time="0.001"/>
  <testcase classname="TestNGTestcases.groupexample2" name="testMethod4" time="0.002"/>
  <testcase classname="TestNGTestcases.groupexample2" name="testMethod3" time="0.002"/>
  <testcase classname="TestNGTestcases.groupexample2" name="testMethod1" time="0.008"/>
</testsuite> <!-- TestNGTestcases.groupexample2 -->
