<?xml version="1.0" encoding="UTF-8"?>
<!-- Generated by org.testng.reporters.JUnitReportReporter -->
<testsuite hostname="DESKTOP-RHS6P4R" failures="0" tests="1" name="TestNGTestcases.parametersExample" time="13.829" errors="0" timestamp="2024-05-04T15:45:21 IST" skipped="0">
  <testcase classname="TestNGTestcases.parametersExample" name="parameters" time="13.829"/>
</testsuite> <!-- TestNGTestcases.parametersExample -->
