<?xml version="1.0" encoding="UTF-8"?>
<!-- Generated by org.testng.reporters.JUnitReportReporter -->
<testsuite hostname="DESKTOP-RHS6P4R" failures="0" tests="3" name="TestNGTestcases.WebElementsExample" time="93.263" errors="0" timestamp="2024-04-19T18:04:05 IST" skipped="0">
  <testcase classname="TestNGTestcases.WebElementsExample" name="WebElement" time="30.874"/>
  <testcase classname="TestNGTestcases.WebElementsExample" name="WebElement" time="30.773"/>
  <testcase classname="TestNGTestcases.WebElementsExample" name="WebElement" time="31.616"/>
</testsuite> <!-- TestNGTestcases.WebElementsExample -->
