<?xml version="1.0" encoding="UTF-8"?>
<!-- Generated by org.testng.reporters.JUnitReportReporter -->
<testsuite hostname="DESKTOP-RHS6P4R" failures="0" tests="1" name="TestNGTestcases.NavigationConcepts" time="10.870" errors="0" timestamp="2024-04-18T18:38:38 IST" skipped="0">
  <testcase classname="TestNGTestcases.NavigationConcepts" name="Navigation" time="10.870"/>
</testsuite> <!-- TestNGTestcases.NavigationConcepts -->
