<?xml version="1.0" encoding="UTF-8"?>
<!-- Generated by org.testng.reporters.JUnitReportReporter -->
<testsuite hostname="DESKTOP-RHS6P4R" failures="0" tests="4" name="TestNGTestcases.enableExample" time="0.012" errors="0" timestamp="2024-04-19T12:37:18 IST" skipped="1">
  <testcase classname="TestNGTestcases.enableExample" name="testcase1" time="0.009"/>
  <testcase classname="TestNGTestcases.enableExample" name="testcase2" time="0.002"/>
  <testcase classname="TestNGTestcases.enableExample" name="testcase3" time="0.001"/>
  <testcase classname="TestNGTestcases.enableExample" name="testcase4">
    <skipped/>
  </testcase> <!-- testcase4 -->
</testsuite> <!-- TestNGTestcases.enableExample -->
