<?xml version="1.0" encoding="UTF-8"?>
<!-- Generated by org.testng.reporters.JUnitReportReporter -->
<testsuite hostname="DESKTOP-RHS6P4R" failures="0" tests="1" name="TestNGTestcases.MouseActionsExample" time="13.664" errors="0" timestamp="2024-04-18T18:42:52 IST" skipped="0">
  <testcase classname="TestNGTestcases.MouseActionsExample" name="mouseActions" time="13.664"/>
</testsuite> <!-- TestNGTestcases.MouseActionsExample -->
