<?xml version="1.0" encoding="UTF-8"?>
<!-- Generated by org.testng.reporters.JUnitReportReporter -->
<testsuite hostname="DESKTOP-RHS6P4R" failures="0" tests="4" name="TestNGTestcases.pirorityExample" time="0.017" errors="0" timestamp="2024-04-18T20:28:25 IST" skipped="0">
  <testcase classname="TestNGTestcases.pirorityExample" name="SignUp" time="0.010"/>
  <testcase classname="TestNGTestcases.pirorityExample" name="Login" time="0.002"/>
  <testcase classname="TestNGTestcases.pirorityExample" name="Search" time="0.003"/>
  <testcase classname="TestNGTestcases.pirorityExample" name="logout" time="0.002"/>
</testsuite> <!-- TestNGTestcases.pirorityExample -->
